<?xml version="1.0" encoding="UTF-8" ?>
<testsuite tests="9" failures="0" name="hu.uni.eszterhazy.beadando.dao.impl.MobileDAOJSONTest" time="0.151" errors="0" skipped="0">
  <properties>
[...]
</properties>
  <testcase classname="hu.uni.eszterhazy.beadando.dao.impl.MobileDAOJSONTest" name="WrongImeiTestWhileUpdateing" time="0.081"/>
  <testcase classname="hu.uni.eszterhazy.beadando.dao.impl.MobileDAOJSONTest" name="MobileNotFoundByImei" time="0.006"/>
  <testcase classname="hu.uni.eszterhazy.beadando.dao.impl.MobileDAOJSONTest" name="AddMobileTest" time="0.01"/>
  <testcase classname="hu.uni.eszterhazy.beadando.dao.impl.MobileDAOJSONTest" name="MobileFoundByImei" time="0.005"/>
  <testcase classname="hu.uni.eszterhazy.beadando.dao.impl.MobileDAOJSONTest" name="DeleteMobileTest" time="0.004"/>
  <testcase classname="hu.uni.eszterhazy.beadando.dao.impl.MobileDAOJSONTest" name="UpdateMobileTest" time="0.025"/>
  <testcase classname="hu.uni.eszterhazy.beadando.dao.impl.MobileDAOJSONTest" name="MobileNotFOundWhileDeletingTest" time="0.008"/>
  <testcase classname="hu.uni.eszterhazy.beadando.dao.impl.MobileDAOJSONTest" name="MobileNotFoundTestWhileUpdateing" time="0.005"/>
  <testcase classname="hu.uni.eszterhazy.beadando.dao.impl.MobileDAOJSONTest" name="AddMobileTestAlreadyExists" time="0.007"/>
</testsuite>